<?xml version="1.0" encoding="UTF-8"?>
<testng-results total="1" passed="1" failed="0" skipped="0">
  <reporter-output>
  </reporter-output>
  <suite started-at="2022-09-28T06:20:23Z" name="Default suite" finished-at="2022-09-28T06:20:43Z" duration-ms="20473">
    <groups>
    </groups>
    <test started-at="2022-09-28T06:20:23Z" name="Default test" finished-at="2022-09-28T06:20:43Z" duration-ms="20473">
      <class name="DragDrop">
        <test-method is-config="true" signature="test1()[pri:0, instance:DragDrop@3148f668]" started-at="2022-09-28T11:50:23Z" name="test1" finished-at="2022-09-28T11:50:27Z" duration-ms="4604" status="PASS">
          <reporter-output>
          </reporter-output>
        </test-method> <!-- test1 -->
        <test-method signature="test1()[pri:0, instance:DragDrop@3148f668]" started-at="2022-09-28T11:50:27Z" name="test1" finished-at="2022-09-28T11:50:37Z" duration-ms="9871" status="PASS">
          <reporter-output>
          </reporter-output>
        </test-method> <!-- test1 -->
        <test-method is-config="true" signature="mailsent()[pri:0, instance:DragDrop@3148f668]" started-at="2022-09-28T11:50:37Z" name="mailsent" finished-at="2022-09-28T11:50:43Z" duration-ms="5982" status="PASS">
          <reporter-output>
          </reporter-output>
        </test-method> <!-- mailsent -->
      </class> <!-- DragDrop -->
    </test> <!-- Default test -->
  </suite> <!-- Default suite -->
</testng-results>
